Nuclear Repulsion Energy is 110.7440561 eV.
Electron Energy is -873.151564 eV.
  Suv_RA
        0   0.3571  -0.1807        0        0  -0.3571        0        0        0        0   0.1807        0        0        0        0        0        0        0        0        0        0        0        0        0        0
        0        0        0   0.2044        0        0        0        0        0        0        0        0        0        0        0  -0.2044        0        0        0        0        0        0        0        0        0
        0        0        0        0   0.2044        0        0        0        0        0        0        0        0        0        0        0        0        0        0        0  -0.2044        0        0        0        0
gammaAB_RA
        0   5.7692  -5.7692        0
        0        0        0        0
        0        0        0        0
gradient_nuclear
   64.3861  -64.3861
         0         0
         0         0
gradient_electronic
  -58.0502   58.0502
         0         0
         0         0
gradient
   6.3359  -6.3359
        0        0
        0        0
