Nuclear Repulsion Energy is 89.21769391 eV.
Electron Energy is -602.1946427 eV.
  Suv_RA
        0   0.3446  -0.1865        0        0  -0.3446        0        0        0        0   0.1865        0        0        0        0        0        0        0        0        0        0        0        0        0        0
        0        0        0   0.2129        0        0        0        0        0        0        0        0        0        0        0  -0.2129        0        0        0        0        0        0        0        0        0
        0        0        0        0   0.2129        0        0        0        0        0        0        0        0        0        0        0        0        0        0        0  -0.2129        0        0        0        0
gammaAB_RA
        0   5.1381  -5.1381        0
        0        0        0        0
        0        0        0        0
gradient_nuclear
   48.7528  -48.7528
         0         0
         0         0
gradient_electronic
  -45.8261   45.8261
         0         0
         0         0
gradient
   2.9267  -2.9267
        0        0
        0        0
